<?xml version="1.0" encoding="UTF-8"?>
<testsuites name="Test Suite" time="37.08" tests="2" failures="0" errors="0">
   <testsuite name="Test Suite" tests="2" failures="0" errors="0" time="37.08" skipped="0" timestamp="2023-06-27 14:49:58" hostname="nthuyen5 - nthuyen5.tma.com.vn" id="Test Suites/Test Suite">
      <properties>
         <property name="deviceName" value=""/>
         <property name="devicePlatform" value=""/>
         <property name="logFolder" value="C:\\Users\\nthuyen5\\Katalon Studio\\My Test\\Reports\\20230627_144949\\Test Suite\\20230627_144949"/>
         <property name="logFiles" value="C:\\Users\\nthuyen5\\Katalon Studio\\My Test\\Reports\\20230627_144949\\Test Suite\\20230627_144949\\execution0.log"/>
         <property name="attachments" value=""/>
         <property name="hostName" value="nthuyen5 - nthuyen5.tma.com.vn"/>
         <property name="os" value="Windows 10 64bit"/>
         <property name="katalonVersion" value="8.6.5.208"/>
         <property name="browser" value="Chrome 114.0.0.0"/>
         <property name="hostAddress" value="169.254.60.44"/>
         <property name="sessionId" value="37cb8955f7c1d64081a34c7ec3491436"/>
         <property name="seleniumVersion" value="3.141.59"/>
         <property name="proxyInformation" value="ProxyInformation { proxyOption=NO_PROXY, proxyServerType=HTTP, username=, password=********, proxyServerAddress=, proxyServerPort=0, executionList=&quot;&quot;, isApplyToDesiredCapabilities=true }"/>
         <property name="platform" value="Windows 10"/>
      </properties>
      <testcase name="Test Cases/LoginScript_CURA" time="10.462" classname="Test Cases/LoginScript_CURA" status="PASSED">
         <system-out><![CDATA[2023-06-27 14:49:59 - [TEST_CASE][PASSED] - Test Cases/LoginScript_CURA: Test Cases/LoginScript_CURA

2023-06-27 14:49:59 - [TEST_STEP][PASSED] - openBrowser(""): Browser is opened with url: ''

2023-06-27 14:49:59 - [MESSAGE][INFO] - Starting 'Chrome' driver

2023-06-27 14:49:59 - [MESSAGE][INFO] - Action delay is set to 0 milliseconds

2023-06-27 14:50:02 - [MESSAGE][PASSED] - Browser is opened with url: ''

2023-06-27 14:50:02 - [TEST_STEP][PASSED] - navigateToUrl(URL): Navigate to 'https://katalon-demo-cura.herokuapp.com/' successfully

2023-06-27 14:50:05 - [MESSAGE][PASSED] - Navigate to 'https://katalon-demo-cura.herokuapp.com/' successfully

2023-06-27 14:50:05 - [TEST_STEP][PASSED] - click(findTestObject("Object Repository/Page_CURA Healthcare Service/a_Make Appointment")): Object: 'Object Repository/Page_CURA Healthcare Service/a_Make Appointment' is clicked on

2023-06-27 14:50:06 - [MESSAGE][PASSED] - Object: 'Object Repository/Page_CURA Healthcare Service/a_Make Appointment' is clicked on

2023-06-27 14:50:06 - [TEST_STEP][PASSED] - setText(findTestObject("Object Repository/Page_CURA Healthcare Service/input_Username"), Username): Text 'John Doe' is set on object 'Object Repository/Page_CURA Healthcare Service/input_Username'

2023-06-27 14:50:07 - [MESSAGE][PASSED] - Text 'John Doe' is set on object 'Object Repository/Page_CURA Healthcare Service/input_Username'

2023-06-27 14:50:07 - [TEST_STEP][PASSED] - setText(findTestObject("Object Repository/Page_CURA Healthcare Service/input_Password"), Password): Text 'ThisIsNotAPassword' is set on object 'Object Repository/Page_CURA Healthcare Service/input_Password'

2023-06-27 14:50:07 - [MESSAGE][PASSED] - Text 'ThisIsNotAPassword' is set on object 'Object Repository/Page_CURA Healthcare Service/input_Password'

2023-06-27 14:50:07 - [TEST_STEP][PASSED] - click(findTestObject("Object Repository/Page_CURA Healthcare Service/button_Login")): Object: 'Object Repository/Page_CURA Healthcare Service/button_Login' is clicked on

2023-06-27 14:50:08 - [MESSAGE][PASSED] - Object: 'Object Repository/Page_CURA Healthcare Service/button_Login' is clicked on

2023-06-27 14:50:08 - [TEST_STEP][PASSED] - closeBrowser(): Browser is closed

2023-06-27 14:50:09 - [MESSAGE][PASSED] - Browser is closed]]></system-out>
         <system-err><![CDATA[]]></system-err>
      </testcase>
      <testcase name="Test Cases/LoginSwag" time="26.339" classname="Test Cases/LoginSwag" status="PASSED">
         <system-out><![CDATA[2023-06-27 14:50:09 - [TEST_CASE][PASSED] - Test Cases/LoginSwag: Test Cases/LoginSwag

2023-06-27 14:50:10 - [TEST_STEP][PASSED] - openBrowser(""): Browser is opened with url: ''

2023-06-27 14:50:10 - [MESSAGE][INFO] - Starting 'Chrome' driver

2023-06-27 14:50:10 - [MESSAGE][INFO] - Action delay is set to 0 milliseconds

2023-06-27 14:50:11 - [MESSAGE][PASSED] - Browser is opened with url: ''

2023-06-27 14:50:11 - [TEST_STEP][PASSED] - navigateToUrl(url_swag): Navigate to 'https://www.saucedemo.com/' successfully

2023-06-27 14:50:33 - [MESSAGE][PASSED] - Navigate to 'https://www.saucedemo.com/' successfully

2023-06-27 14:50:33 - [TEST_STEP][PASSED] - setText(findTestObject("Object Repository/Page_Swag Labs/input_Swag Labs_user-name"), username_swag): Text 'standard_user' is set on object 'Object Repository/Page_Swag Labs/input_Swag Labs_user-name'

2023-06-27 14:50:34 - [MESSAGE][PASSED] - Text 'standard_user' is set on object 'Object Repository/Page_Swag Labs/input_Swag Labs_user-name'

2023-06-27 14:50:34 - [TEST_STEP][PASSED] - setText(findTestObject("Object Repository/Page_Swag Labs/input_Swag Labs_password"), password_swag): Text 'secret_sauce' is set on object 'Object Repository/Page_Swag Labs/input_Swag Labs_password'

2023-06-27 14:50:34 - [MESSAGE][PASSED] - Text 'secret_sauce' is set on object 'Object Repository/Page_Swag Labs/input_Swag Labs_password'

2023-06-27 14:50:34 - [TEST_STEP][PASSED] - click(findTestObject("Object Repository/Page_Swag Labs/input_Swag Labs_login-button")): Object: 'Object Repository/Page_Swag Labs/input_Swag Labs_login-button' is clicked on

2023-06-27 14:50:35 - [MESSAGE][PASSED] - Object: 'Object Repository/Page_Swag Labs/input_Swag Labs_login-button' is clicked on

2023-06-27 14:50:35 - [TEST_STEP][PASSED] - closeBrowser(): Browser is closed

2023-06-27 14:50:36 - [MESSAGE][PASSED] - Browser is closed]]></system-out>
         <system-err><![CDATA[]]></system-err>
      </testcase>
      <system-out><![CDATA[2023-06-27 14:49:58 - [TEST_SUITE][PASSED] - Test Suite: Test Cases/LoginSwag]]></system-out>
      <system-err><![CDATA[]]></system-err>
   </testsuite>
</testsuites>
