<?xml version="1.0" encoding="UTF-8"?>
<testsuites name="TestSuite3" time="16.937" tests="2" failures="0" errors="0">
   <testsuite name="TestSuite3" tests="2" failures="0" errors="0" time="16.937" skipped="0" timestamp="2023-06-27 15:27:12" hostname="nthuyen5 - nthuyen5.tma.com.vn" id="Test Suites/TestSuite3">
      <properties>
         <property name="deviceName" value=""/>
         <property name="devicePlatform" value=""/>
         <property name="logFolder" value="C:\\Users\\nthuyen5\\Katalon Studio\\My Test\\Reports\\20230627_151914\\TestSuite3\\20230627_151919"/>
         <property name="logFiles" value="C:\\Users\\nthuyen5\\Katalon Studio\\My Test\\Reports\\20230627_151914\\TestSuite3\\20230627_151919\\execution0.log"/>
         <property name="attachments" value=""/>
         <property name="hostName" value="nthuyen5 - nthuyen5.tma.com.vn"/>
         <property name="os" value="Windows 10 64bit"/>
         <property name="katalonVersion" value="8.6.5.208"/>
         <property name="browser" value="Chrome 114.0.0.0"/>
         <property name="hostAddress" value="169.254.60.44"/>
         <property name="sessionId" value="c3b30dcae058babddc9914ab9ec1bbe0"/>
         <property name="seleniumVersion" value="3.141.59"/>
         <property name="proxyInformation" value="ProxyInformation { proxyOption=NO_PROXY, proxyServerType=HTTP, username=, password=********, proxyServerAddress=, proxyServerPort=0, executionList=&quot;&quot;, isApplyToDesiredCapabilities=true }"/>
         <property name="platform" value="Windows 10"/>
      </properties>
      <testcase name="Test Cases/Map_ListTest" time="9.963" classname="Test Cases/Map_ListTest" status="PASSED">
         <system-out><![CDATA[2023-06-27 15:27:12 - [TEST_CASE][PASSED] - Test Cases/Map_ListTest: Test Cases/Map_ListTest

2023-06-27 15:27:13 - [TEST_STEP][PASSED] - openBrowser(""): Browser is opened with url: ''

2023-06-27 15:27:13 - [MESSAGE][INFO] - Starting 'Chrome' driver

2023-06-27 15:27:13 - [MESSAGE][INFO] - Action delay is set to 0 milliseconds

2023-06-27 15:27:15 - [MESSAGE][PASSED] - Browser is opened with url: ''

2023-06-27 15:27:15 - [TEST_STEP][PASSED] - navigateToUrl(URL): Navigate to 'https://katalon-demo-cura.herokuapp.com/' successfully

2023-06-27 15:27:18 - [MESSAGE][PASSED] - Navigate to 'https://katalon-demo-cura.herokuapp.com/' successfully

2023-06-27 15:27:18 - [TEST_STEP][PASSED] - click(findTestObject("Object Repository/Page_CURA Healthcare Service/a_Make Appointment")): Object: 'Object Repository/Page_CURA Healthcare Service/a_Make Appointment' is clicked on

2023-06-27 15:27:19 - [MESSAGE][PASSED] - Object: 'Object Repository/Page_CURA Healthcare Service/a_Make Appointment' is clicked on

2023-06-27 15:27:19 - [TEST_STEP][PASSED] - setText(findTestObject("Object Repository/Page_CURA Healthcare Service/input_Username"), ListCredential.get(0)): Text 'John Doe' is set on object 'Object Repository/Page_CURA Healthcare Service/input_Username'

2023-06-27 15:27:20 - [MESSAGE][PASSED] - Text 'John Doe' is set on object 'Object Repository/Page_CURA Healthcare Service/input_Username'

2023-06-27 15:27:20 - [TEST_STEP][PASSED] - setText(findTestObject("Object Repository/Page_CURA Healthcare Service/input_Password"), ListCredential.get(1)): Text 'ThisIsNotAPassword' is set on object 'Object Repository/Page_CURA Healthcare Service/input_Password'

2023-06-27 15:27:21 - [MESSAGE][PASSED] - Text 'ThisIsNotAPassword' is set on object 'Object Repository/Page_CURA Healthcare Service/input_Password'

2023-06-27 15:27:21 - [TEST_STEP][PASSED] - click(findTestObject("Object Repository/Page_CURA Healthcare Service/button_Login")): Object: 'Object Repository/Page_CURA Healthcare Service/button_Login' is clicked on

2023-06-27 15:27:22 - [MESSAGE][PASSED] - Object: 'Object Repository/Page_CURA Healthcare Service/button_Login' is clicked on

2023-06-27 15:27:22 - [TEST_STEP][PASSED] - closeBrowser(): Browser is closed

2023-06-27 15:27:22 - [MESSAGE][PASSED] - Browser is closed]]></system-out>
         <system-err><![CDATA[]]></system-err>
      </testcase>
      <testcase name="Test Cases/LoginSwag" time="6.712" classname="Test Cases/LoginSwag" status="PASSED">
         <system-out><![CDATA[2023-06-27 15:27:22 - [TEST_CASE][PASSED] - Test Cases/LoginSwag: Test Cases/LoginSwag

2023-06-27 15:27:23 - [TEST_STEP][PASSED] - openBrowser(""): Browser is opened with url: ''

2023-06-27 15:27:23 - [MESSAGE][INFO] - Starting 'Chrome' driver

2023-06-27 15:27:23 - [MESSAGE][INFO] - Action delay is set to 0 milliseconds

2023-06-27 15:27:24 - [MESSAGE][PASSED] - Browser is opened with url: ''

2023-06-27 15:27:24 - [TEST_STEP][PASSED] - navigateToUrl(url_swag): Navigate to 'https://www.saucedemo.com/' successfully

2023-06-27 15:27:27 - [MESSAGE][PASSED] - Navigate to 'https://www.saucedemo.com/' successfully

2023-06-27 15:27:27 - [TEST_STEP][PASSED] - setText(findTestObject("Object Repository/Page_Swag Labs/input_Swag Labs_user-name"), username_swag): Text 'standard_user' is set on object 'Object Repository/Page_Swag Labs/input_Swag Labs_user-name'

2023-06-27 15:27:27 - [MESSAGE][PASSED] - Text 'standard_user' is set on object 'Object Repository/Page_Swag Labs/input_Swag Labs_user-name'

2023-06-27 15:27:27 - [TEST_STEP][PASSED] - setText(findTestObject("Object Repository/Page_Swag Labs/input_Swag Labs_password"), password_swag): Text 'secret_sauce' is set on object 'Object Repository/Page_Swag Labs/input_Swag Labs_password'

2023-06-27 15:27:28 - [MESSAGE][PASSED] - Text 'secret_sauce' is set on object 'Object Repository/Page_Swag Labs/input_Swag Labs_password'

2023-06-27 15:27:28 - [TEST_STEP][PASSED] - click(findTestObject("Object Repository/Page_Swag Labs/input_Swag Labs_login-button")): Object: 'Object Repository/Page_Swag Labs/input_Swag Labs_login-button' is clicked on

2023-06-27 15:27:28 - [MESSAGE][PASSED] - Object: 'Object Repository/Page_Swag Labs/input_Swag Labs_login-button' is clicked on

2023-06-27 15:27:28 - [TEST_STEP][PASSED] - closeBrowser(): Browser is closed

2023-06-27 15:27:29 - [MESSAGE][PASSED] - Browser is closed]]></system-out>
         <system-err><![CDATA[]]></system-err>
      </testcase>
      <system-out><![CDATA[2023-06-27 15:27:12 - [TEST_SUITE][PASSED] - TestSuite3: Test Cases/LoginSwag]]></system-out>
      <system-err><![CDATA[]]></system-err>
   </testsuite>
</testsuites>
