<?xml version="1.0" encoding="UTF-8"?>
<testsuites name="TestSuite1" time="9.126" tests="2" failures="0" errors="0">
   <testsuite name="TestSuite1" tests="2" failures="0" errors="0" time="9.126" skipped="0" timestamp="2023-06-27 16:54:22" hostname="nthuyen5 - nthuyen5.tma.com.vn" id="Test Suites/TestSuite1">
      <properties>
         <property name="deviceName" value=""/>
         <property name="devicePlatform" value=""/>
         <property name="logFolder" value="C:\\Users\\nthuyen5\\Katalon Studio\\My Test\\Reports\\20230627_165412\\TestSuite1\\20230627_165412"/>
         <property name="logFiles" value="C:\\Users\\nthuyen5\\Katalon Studio\\My Test\\Reports\\20230627_165412\\TestSuite1\\20230627_165412\\execution0.log"/>
         <property name="attachments" value=""/>
         <property name="hostName" value="nthuyen5 - nthuyen5.tma.com.vn"/>
         <property name="os" value="Windows 10 64bit"/>
         <property name="katalonVersion" value="8.6.5.208"/>
         <property name="browser" value="Chrome 114.0.0.0"/>
         <property name="hostAddress" value="169.254.60.44"/>
         <property name="sessionId" value="f09b75ea062afe0cd7ff142c5a89df8a"/>
         <property name="seleniumVersion" value="3.141.59"/>
         <property name="proxyInformation" value="ProxyInformation { proxyOption=NO_PROXY, proxyServerType=HTTP, username=, password=********, proxyServerAddress=, proxyServerPort=0, executionList=&quot;&quot;, isApplyToDesiredCapabilities=true }"/>
         <property name="platform" value="Windows 10"/>
      </properties>
      <testcase name="Test Cases/LoginSwag" time="8.467" classname="Test Cases/LoginSwag" status="PASSED">
         <system-out><![CDATA[2023-06-27 16:54:23 - [TEST_CASE][PASSED] - Test Cases/LoginSwag: Test Cases/LoginSwag

2023-06-27 16:54:23 - [TEST_STEP][PASSED] - Start listener action : sampleBeforeTestCase: null

2023-06-27 16:54:23 - [TEST_STEP][PASSED] - println("I am in sampleBeforeTestCase method "): null

2023-06-27 16:54:23 - [TEST_STEP][PASSED] - Start setup action : setupTestCase: Method 'setupTestCase' complete successfully

2023-06-27 16:54:23 - [TEST_STEP][PASSED] - println("I am in setupTestCase"): null

2023-06-27 16:54:23 - [MESSAGE][PASSED] - Method 'setupTestCase' complete successfully

2023-06-27 16:54:23 - [TEST_STEP][PASSED] - openBrowser(""): Browser is opened with url: ''

2023-06-27 16:54:24 - [MESSAGE][INFO] - Starting 'Chrome' driver

2023-06-27 16:54:24 - [MESSAGE][INFO] - Action delay is set to 0 milliseconds

2023-06-27 16:54:26 - [MESSAGE][PASSED] - Browser is opened with url: ''

2023-06-27 16:54:26 - [TEST_STEP][PASSED] - navigateToUrl(url_swag): Navigate to 'https://www.saucedemo.com/' successfully

2023-06-27 16:54:28 - [MESSAGE][PASSED] - Navigate to 'https://www.saucedemo.com/' successfully

2023-06-27 16:54:28 - [TEST_STEP][PASSED] - setText(findTestObject("Object Repository/Page_Swag Labs/input_Swag Labs_user-name"), username_swag): Text 'standard_user' is set on object 'Object Repository/Page_Swag Labs/input_Swag Labs_user-name'

2023-06-27 16:54:29 - [MESSAGE][PASSED] - Text 'standard_user' is set on object 'Object Repository/Page_Swag Labs/input_Swag Labs_user-name'

2023-06-27 16:54:29 - [TEST_STEP][PASSED] - setText(findTestObject("Object Repository/Page_Swag Labs/input_Swag Labs_password"), password_swag): Text 'secret_sauce' is set on object 'Object Repository/Page_Swag Labs/input_Swag Labs_password'

2023-06-27 16:54:29 - [MESSAGE][PASSED] - Text 'secret_sauce' is set on object 'Object Repository/Page_Swag Labs/input_Swag Labs_password'

2023-06-27 16:54:29 - [TEST_STEP][PASSED] - click(findTestObject("Object Repository/Page_Swag Labs/input_Swag Labs_login-button")): Object: 'Object Repository/Page_Swag Labs/input_Swag Labs_login-button' is clicked on

2023-06-27 16:54:30 - [MESSAGE][PASSED] - Object: 'Object Repository/Page_Swag Labs/input_Swag Labs_login-button' is clicked on

2023-06-27 16:54:30 - [TEST_STEP][PASSED] - closeBrowser(): Browser is closed

2023-06-27 16:54:31 - [MESSAGE][PASSED] - Browser is closed

2023-06-27 16:54:31 - [TEST_STEP][PASSED] - Start tear down : tearDownTestCase: Method 'tearDownTestCase' complete successfully

2023-06-27 16:54:31 - [TEST_STEP][PASSED] - println("I am in tearDownTestCase"): null

2023-06-27 16:54:31 - [MESSAGE][PASSED] - Method 'tearDownTestCase' complete successfully

2023-06-27 16:54:31 - [TEST_STEP][PASSED] - Start listener action : sampleAfterTestCase: null

2023-06-27 16:54:31 - [TEST_STEP][PASSED] - println("I am in sampleAfterTestCase method "): null]]></system-out>
         <system-err><![CDATA[]]></system-err>
      </testcase>
      <testcase name="Test Cases/TestVariables" time="0.351" classname="Test Cases/TestVariables" status="PASSED">
         <system-out><![CDATA[2023-06-27 16:54:31 - [TEST_CASE][PASSED] - Test Cases/TestVariables: Test Cases/TestVariables

2023-06-27 16:54:31 - [TEST_STEP][PASSED] - Start listener action : sampleBeforeTestCase: null

2023-06-27 16:54:31 - [TEST_STEP][PASSED] - println("I am in sampleBeforeTestCase method "): null

2023-06-27 16:54:31 - [TEST_STEP][PASSED] - Start setup action : setupTestCase: Method 'setupTestCase' complete successfully

2023-06-27 16:54:31 - [TEST_STEP][PASSED] - println("I am in setupTestCase"): null

2023-06-27 16:54:31 - [MESSAGE][PASSED] - Method 'setupTestCase' complete successfully

2023-06-27 16:54:32 - [TEST_STEP][PASSED] - str = "Print this text": null

2023-06-27 16:54:32 - [TEST_STEP][PASSED] - i = 2: null

2023-06-27 16:54:32 - [TEST_STEP][PASSED] - j = 5: null

2023-06-27 16:54:32 - [TEST_STEP][PASSED] - sum = i + j: null

2023-06-27 16:54:32 - [TEST_STEP][PASSED] - println(str): null

2023-06-27 16:54:32 - [TEST_STEP][PASSED] - println(sum): null

2023-06-27 16:54:32 - [TEST_STEP][PASSED] - Start tear down : tearDownTestCase: Method 'tearDownTestCase' complete successfully

2023-06-27 16:54:32 - [TEST_STEP][PASSED] - println("I am in tearDownTestCase"): null

2023-06-27 16:54:32 - [MESSAGE][PASSED] - Method 'tearDownTestCase' complete successfully

2023-06-27 16:54:32 - [TEST_STEP][PASSED] - Start listener action : sampleAfterTestCase: null

2023-06-27 16:54:32 - [TEST_STEP][PASSED] - println("I am in sampleAfterTestCase method "): null]]></system-out>
         <system-err><![CDATA[]]></system-err>
      </testcase>
      <system-out><![CDATA[2023-06-27 16:54:22 - [TEST_SUITE][PASSED] - TestSuite1: Test Cases/TestVariables]]></system-out>
      <system-err><![CDATA[]]></system-err>
   </testsuite>
</testsuites>
