<?xml version="1.0" encoding="UTF-8"?>
<testsuites name="TestSuite_DT" time="42.912" tests="1" failures="0" errors="0">
   <testsuite name="TestSuite_DT" tests="1" failures="0" errors="0" time="42.912" skipped="0" timestamp="2023-06-28 10:35:53" hostname="nthuyen5 - nthuyen5.tma.com.vn" id="Test Suites/TestSuite_DT">
      <properties>
         <property name="deviceName" value=""/>
         <property name="devicePlatform" value=""/>
         <property name="logFolder" value="C:\\Users\\nthuyen5\\Katalon Studio\\My Test\\Reports\\20230628_103542\\TestSuite_DT\\20230628_103542"/>
         <property name="logFiles" value="C:\\Users\\nthuyen5\\Katalon Studio\\My Test\\Reports\\20230628_103542\\TestSuite_DT\\20230628_103542\\execution0.log"/>
         <property name="attachments" value=""/>
         <property name="hostName" value="nthuyen5 - nthuyen5.tma.com.vn"/>
         <property name="os" value="Windows 10 64bit"/>
         <property name="katalonVersion" value="8.6.5.208"/>
         <property name="browser" value="Chrome 114.0.0.0"/>
         <property name="hostAddress" value="169.254.60.44"/>
         <property name="sessionId" value="11575f494a3df2a7966e82dad43b904c"/>
         <property name="seleniumVersion" value="3.141.59"/>
         <property name="proxyInformation" value="ProxyInformation { proxyOption=NO_PROXY, proxyServerType=HTTP, username=, password=********, proxyServerAddress=, proxyServerPort=0, executionList=&quot;&quot;, isApplyToDesiredCapabilities=true }"/>
         <property name="platform" value="Windows 10"/>
      </properties>
      <testcase name="Test Cases/LoginCURA" time="42.502" classname="Test Cases/LoginCURA" status="PASSED">
         <system-out><![CDATA[2023-06-28 10:35:54 - [TEST_CASE][PASSED] - Test Cases/LoginCURA: Test Cases/LoginCURA

2023-06-28 10:35:54 - [TEST_STEP][PASSED] - Start listener action : sampleBeforeTestCase: null

2023-06-28 10:35:54 - [TEST_STEP][PASSED] - println("I am in sampleBeforeTestCase method "): null

2023-06-28 10:35:54 - [TEST_STEP][PASSED] - openBrowser(""): Browser is opened with url: ''

2023-06-28 10:35:54 - [MESSAGE][INFO] - Starting 'Chrome' driver

2023-06-28 10:35:55 - [MESSAGE][INFO] - Action delay is set to 2,000 milliseconds

2023-06-28 10:35:57 - [MESSAGE][PASSED] - Browser is opened with url: ''

2023-06-28 10:35:57 - [TEST_STEP][PASSED] - navigateToUrl("https://katalon-demo-cura.herokuapp.com/"): Navigate to 'https://katalon-demo-cura.herokuapp.com/' successfully

2023-06-28 10:36:20 - [MESSAGE][PASSED] - Navigate to 'https://katalon-demo-cura.herokuapp.com/' successfully

2023-06-28 10:36:20 - [TEST_STEP][PASSED] - click(findTestObject("btnMakeAppointment")): Object: 'Object Repository/btnMakeAppointment' is clicked on

2023-06-28 10:36:23 - [MESSAGE][PASSED] - Object: 'Object Repository/btnMakeAppointment' is clicked on

2023-06-28 10:36:23 - [TEST_STEP][PASSED] - setText(findTestObject("inputUser"), Username): Text 'John Doe' is set on object 'Object Repository/inputUser'

2023-06-28 10:36:28 - [MESSAGE][PASSED] - Text 'John Doe' is set on object 'Object Repository/inputUser'

2023-06-28 10:36:28 - [TEST_STEP][PASSED] - setText(findTestObject("inputPassword"), Password): Text 'ThisIsNotAPassword' is set on object 'Object Repository/inputPassword'

2023-06-28 10:36:32 - [MESSAGE][PASSED] - Text 'ThisIsNotAPassword' is set on object 'Object Repository/inputPassword'

2023-06-28 10:36:32 - [TEST_STEP][PASSED] - click(findTestObject("btnLogin")): Object: 'Object Repository/btnLogin' is clicked on

2023-06-28 10:36:35 - [MESSAGE][PASSED] - Object: 'Object Repository/btnLogin' is clicked on

2023-06-28 10:36:35 - [TEST_STEP][PASSED] - closeBrowser(): Browser is closed

2023-06-28 10:36:36 - [MESSAGE][PASSED] - Browser is closed

2023-06-28 10:36:36 - [TEST_STEP][PASSED] - Start listener action : sampleAfterTestCase: null

2023-06-28 10:36:36 - [TEST_STEP][PASSED] - println("I am in sampleAfterTestCase method "): null]]></system-out>
         <system-err><![CDATA[]]></system-err>
      </testcase>
      <system-out><![CDATA[2023-06-28 10:35:53 - [TEST_SUITE][PASSED] - TestSuite_DT: Test Cases/LoginCURA]]></system-out>
      <system-err><![CDATA[]]></system-err>
   </testsuite>
</testsuites>
